2015-Jan-28 08:41:32.909 INFO	core	Dwarf Therapist "30.1.0" starting normally. [src\dwarftherapist.cpp:154] (setup_logging)
2015-Jan-28 08:41:33.338 INFO	core	beginning to read settings [src\dwarftherapist.cpp:180] (read_settings)
2015-Jan-28 08:41:33.357 INFO	core	finished reading settings [src\dwarftherapist.cpp:209] (read_settings)
2015-Jan-28 08:41:33.424 INFO	core	attempting connection to running DF game [src\mainwindow.cpp:337] (connect_to_df)
2015-Jan-28 08:41:33.433 INFO	core	adding valid layout "v0.40.24 (graphics)" "0x54ad7e66" [src\dfinstance.cpp:101] (DFInstance)
2015-Jan-28 08:41:33.438 INFO	core	adding valid layout "v0.40.23 (graphics)" "0x549b0acb" [src\dfinstance.cpp:101] (DFInstance)
2015-Jan-28 08:41:33.445 INFO	core	adding valid layout "v0.40.22 (graphics)" "0x5497174e" [src\dfinstance.cpp:101] (DFInstance)
2015-Jan-28 08:41:33.451 INFO	core	adding valid layout "v0.40.21 (graphics)" "0x549a491" [src\dfinstance.cpp:101] (DFInstance)
2015-Jan-28 08:41:33.458 INFO	core	adding valid layout "v0.40.20 (graphics)" "0x54932e9a" [src\dfinstance.cpp:101] (DFInstance)
2015-Jan-28 08:41:33.463 INFO	core	adding valid layout "v0.40.19 (graphics)" "0x54762923" [src\dfinstance.cpp:101] (DFInstance)
2015-Jan-28 08:41:33.468 INFO	core	adding valid layout "v0.40.18 (graphics)" "0x546e4906" [src\dfinstance.cpp:101] (DFInstance)
2015-Jan-28 08:41:33.474 INFO	core	adding valid layout "v0.40.16 (graphics)" "0x54638ff0" [src\dfinstance.cpp:101] (DFInstance)
2015-Jan-28 08:41:33.479 INFO	core	adding valid layout "v0.40.15 (graphics)" "0x545a6968" [src\dfinstance.cpp:101] (DFInstance)
2015-Jan-28 08:41:33.485 INFO	core	adding valid layout "v0.40.14 (graphics)" "0x544bffa4" [src\dfinstance.cpp:101] (DFInstance)
2015-Jan-28 08:41:33.491 INFO	core	adding valid layout "v0.40.13 (graphics)" "0x5419c537" [src\dfinstance.cpp:101] (DFInstance)
2015-Jan-28 08:41:33.496 INFO	core	adding valid layout "v0.40.12 (graphics)" "0x541088c3" [src\dfinstance.cpp:101] (DFInstance)
2015-Jan-28 08:41:33.502 INFO	core	adding valid layout "v0.40.11 (graphics)" "0x54076214" [src\dfinstance.cpp:101] (DFInstance)
2015-Jan-28 08:41:33.507 INFO	core	adding valid layout "v0.40.10 (graphics)" "0x53fa3213" [src\dfinstance.cpp:101] (DFInstance)
2015-Jan-28 08:41:33.512 INFO	core	adding valid layout "v0.40.09 (graphics)" "0x53f0f350" [src\dfinstance.cpp:101] (DFInstance)
2015-Jan-28 08:41:33.518 INFO	core	adding valid layout "v0.40.08 (graphics)" "0x53e90092" [src\dfinstance.cpp:101] (DFInstance)
2015-Jan-28 08:41:33.523 INFO	core	adding valid layout "v0.40.07 (graphics)" "0x53e7ac66" [src\dfinstance.cpp:101] (DFInstance)
2015-Jan-28 08:41:33.529 INFO	core	adding valid layout "v0.40.06 (graphics)" "0x53de7eb3" [src\dfinstance.cpp:101] (DFInstance)
2015-Jan-28 08:41:33.535 INFO	core	adding valid layout "v0.40.05 (graphics)" "0x53d566b4" [src\dfinstance.cpp:101] (DFInstance)
2015-Jan-28 08:41:33.541 INFO	core	adding valid layout "v0.40.04 (graphics)" "0x53cc0058" [src\dfinstance.cpp:101] (DFInstance)
2015-Jan-28 08:41:33.546 INFO	core	adding valid layout "v0.40.03 (graphics)" "0x53c2d20c" [src\dfinstance.cpp:101] (DFInstance)
2015-Jan-28 08:41:33.551 INFO	core	adding valid layout "v0.40.01 (graphics)" "0x53bb189a" [src\dfinstance.cpp:101] (DFInstance)
2015-Jan-28 08:41:33.554 INFO	core	attempting to find running copy of DF by window handle [src\dfinstancewindows.cpp:140] (find_running_copy)
2015-Jan-28 09:09:53.466 WARNING	core	can't find running copy [src\dfinstancewindows.cpp:153] (find_running_copy)
2015-Jan-28 09:09:55.700 INFO	core	attempting connection to running DF game [src\mainwindow.cpp:337] (connect_to_df)
2015-Jan-28 09:09:55.700 INFO	core	already connected, disconnecting [src\mainwindow.cpp:339] (connect_to_df)
2015-Jan-28 09:09:55.711 INFO	core	adding valid layout "v0.40.24 (graphics)" "0x54ad7e66" [src\dfinstance.cpp:101] (DFInstance)
2015-Jan-28 09:09:55.721 INFO	core	adding valid layout "v0.40.23 (graphics)" "0x549b0acb" [src\dfinstance.cpp:101] (DFInstance)
2015-Jan-28 09:09:55.726 INFO	core	adding valid layout "v0.40.22 (graphics)" "0x5497174e" [src\dfinstance.cpp:101] (DFInstance)
2015-Jan-28 09:09:55.732 INFO	core	adding valid layout "v0.40.21 (graphics)" "0x549a491" [src\dfinstance.cpp:101] (DFInstance)
2015-Jan-28 09:09:55.738 INFO	core	adding valid layout "v0.40.20 (graphics)" "0x54932e9a" [src\dfinstance.cpp:101] (DFInstance)
2015-Jan-28 09:09:55.746 INFO	core	adding valid layout "v0.40.19 (graphics)" "0x54762923" [src\dfinstance.cpp:101] (DFInstance)
2015-Jan-28 09:09:55.756 INFO	core	adding valid layout "v0.40.18 (graphics)" "0x546e4906" [src\dfinstance.cpp:101] (DFInstance)
2015-Jan-28 09:09:55.761 INFO	core	adding valid layout "v0.40.16 (graphics)" "0x54638ff0" [src\dfinstance.cpp:101] (DFInstance)
2015-Jan-28 09:09:55.766 INFO	core	adding valid layout "v0.40.15 (graphics)" "0x545a6968" [src\dfinstance.cpp:101] (DFInstance)
2015-Jan-28 09:09:55.773 INFO	core	adding valid layout "v0.40.14 (graphics)" "0x544bffa4" [src\dfinstance.cpp:101] (DFInstance)
2015-Jan-28 09:09:55.778 INFO	core	adding valid layout "v0.40.13 (graphics)" "0x5419c537" [src\dfinstance.cpp:101] (DFInstance)
2015-Jan-28 09:09:55.784 INFO	core	adding valid layout "v0.40.12 (graphics)" "0x541088c3" [src\dfinstance.cpp:101] (DFInstance)
2015-Jan-28 09:09:55.788 INFO	core	adding valid layout "v0.40.11 (graphics)" "0x54076214" [src\dfinstance.cpp:101] (DFInstance)
2015-Jan-28 09:09:55.793 INFO	core	adding valid layout "v0.40.10 (graphics)" "0x53fa3213" [src\dfinstance.cpp:101] (DFInstance)
2015-Jan-28 09:09:55.800 INFO	core	adding valid layout "v0.40.09 (graphics)" "0x53f0f350" [src\dfinstance.cpp:101] (DFInstance)
2015-Jan-28 09:09:55.806 INFO	core	adding valid layout "v0.40.08 (graphics)" "0x53e90092" [src\dfinstance.cpp:101] (DFInstance)
2015-Jan-28 09:09:55.814 INFO	core	adding valid layout "v0.40.07 (graphics)" "0x53e7ac66" [src\dfinstance.cpp:101] (DFInstance)
2015-Jan-28 09:09:55.823 INFO	core	adding valid layout "v0.40.06 (graphics)" "0x53de7eb3" [src\dfinstance.cpp:101] (DFInstance)
2015-Jan-28 09:09:55.829 INFO	core	adding valid layout "v0.40.05 (graphics)" "0x53d566b4" [src\dfinstance.cpp:101] (DFInstance)
2015-Jan-28 09:09:55.836 INFO	core	adding valid layout "v0.40.04 (graphics)" "0x53cc0058" [src\dfinstance.cpp:101] (DFInstance)
2015-Jan-28 09:09:55.838 INFO	core	adding valid layout "v0.40.03 (graphics)" "0x53c2d20c" [src\dfinstance.cpp:101] (DFInstance)
2015-Jan-28 09:09:55.845 INFO	core	adding valid layout "v0.40.01 (graphics)" "0x53bb189a" [src\dfinstance.cpp:101] (DFInstance)
2015-Jan-28 09:09:55.846 INFO	core	attempting to find running copy of DF by window handle [src\dfinstancewindows.cpp:140] (find_running_copy)
2015-Jan-28 09:09:55.846 INFO	core	found copy with HWND:  0x2b0dd8 [src\dfinstancewindows.cpp:156] (find_running_copy)
2015-Jan-28 09:09:55.847 INFO	core	PID of process is:  6240 [src\dfinstancewindows.cpp:163] (find_running_copy)
2015-Jan-28 09:09:55.847 INFO	core	PROC HANDLE: 0x1fc [src\dfinstancewindows.cpp:169] (find_running_copy)
2015-Jan-28 09:09:55.854 INFO	core	Target EXE was compiled at  "2015-01-07T12:43:50" [src\dfinstancewindows.cpp:68] (calculate_checksum)
2015-Jan-28 09:09:55.854 INFO	core	DF's checksum is: "0x54ad7e66" [src\dfinstance.cpp:1011] (get_memory_layout)
2015-Jan-28 09:09:55.854 INFO	core	Detected Dwarf Fortress version "v0.40.24 (graphics)" using MemoryLayout from "D:/MyDocs/DOCUME~1/GitHub/DWARF-~1/DWARFF~1/LNP/Utilities/Dwarf-Therapist-WIN-30.1.0/share/memory_layouts/windows/v0.40.24_graphics.ini" [src\dfinstance.cpp:1023] (get_memory_layout)
2015-Jan-28 09:09:55.854 INFO	core	RAW BASE ADDRESS: 20250624 [src\dfinstancewindows.cpp:197] (find_running_copy)
2015-Jan-28 09:09:55.854 INFO	core	GetModuleFileNameEx returned:  "D:\MyDocs\DOCUME~1\GitHub\DWARF-~1\DWARFF~1\Dwarf Fortress 0.40.24\Dwarf Fortress.exe" [src\dfinstancewindows.cpp:219] (find_running_copy)
2015-Jan-28 09:09:55.854 INFO	core	Dwarf Fortress path: "D:/MyDocs/DOCUME~1/GitHub/DWARF-~1/DWARFF~1/Dwarf Fortress 0.40.24" [src\dfinstancewindows.cpp:222] (find_running_copy)
2015-Jan-28 09:09:55.854 INFO	core	Connection to DF version "v0.40.24 (graphics)" established. [src\mainwindow.cpp:353] (connect_to_df)
2015-Jan-28 09:09:56.379 INFO	core	Loaded 12 views from disk [src\viewmanager.cpp:171] (reload_views)
2015-Jan-28 09:09:56.381 INFO	core	group_by now set to 0  for view  "Labors Full" [src\models\dwarfmodel.cpp:746] (set_group_by)
2015-Jan-28 09:09:56.385 INFO	core	group_by now set to 0  for view  "Military" [src\models\dwarfmodel.cpp:746] (set_group_by)
2015-Jan-28 09:09:56.389 INFO	core	group_by now set to 0  for view  "Social" [src\models\dwarfmodel.cpp:746] (set_group_by)
2015-Jan-28 09:09:56.394 INFO	core	group_by now set to 0  for view  "Attributes" [src\models\dwarfmodel.cpp:746] (set_group_by)
2015-Jan-28 09:09:56.398 INFO	core	group_by now set to 0  for view  "Roles" [src\models\dwarfmodel.cpp:746] (set_group_by)
2015-Jan-28 09:09:56.405 INFO	core	group_by now set to 0  for view  "Animals" [src\models\dwarfmodel.cpp:746] (set_group_by)
2015-Jan-28 09:09:56.410 INFO	core	group_by now set to 0  for view  "Health" [src\models\dwarfmodel.cpp:746] (set_group_by)
2015-Jan-28 09:09:56.411 INFO	core	group_by now set to 0  for view  "Labors Full" [src\models\dwarfmodel.cpp:746] (set_group_by)
2015-Jan-28 09:09:56.411 INFO	core	"redrew views in 32ms" [src\viewmanager.cpp:318] (draw_views)
2015-Jan-28 09:09:56.423 INFO	core	FOUND 169 squads [src\dfinstance.cpp:821] (load_squads)
2015-Jan-28 09:09:56.572 INFO	core	FOUND ACTIVE SQUAD "0x250c9b20" "The Beards of Cobalt"  member count:  1  id:  163 [src\dfinstance.cpp:835] (load_squads)
2015-Jan-28 09:09:56.579 INFO	core	current year: 125 [src\dfinstance.cpp:345] (load_dwarves)
2015-Jan-28 09:09:56.579 INFO	core	using active units [src\dfinstance.cpp:888] (get_creatures)
2015-Jan-28 09:09:56.600 WARNING	core	vector at "0x02a6b9b8" has over 10.000 entries! ( 24391 ) [src\dfinstance.cpp:150] (check_vector)
2015-Jan-28 09:09:56.649 INFO	core	FOUND UNIT "0x242eed98" "Meng Luritducim" 14492 24258 [src\dfinstance.cpp:363] (load_dwarves)
2015-Jan-28 09:09:56.656 INFO	core	FOUND UNIT "0x2331af70" "Inod Ibeshakrul" 14493 24259 [src\dfinstance.cpp:363] (load_dwarves)
2015-Jan-28 09:09:56.662 INFO	core	FOUND UNIT "0x2331bee8" "Urist Atekcog" 14494 24260 [src\dfinstance.cpp:363] (load_dwarves)
2015-Jan-28 09:09:56.669 INFO	core	FOUND UNIT "0x2331ce60" "Cilob Idenosor" 14495 24261 [src\dfinstance.cpp:363] (load_dwarves)
2015-Jan-28 09:09:56.676 INFO	core	FOUND UNIT "0x2331ddd8" "Ushrir Odgubkivish" 14496 24262 [src\dfinstance.cpp:363] (load_dwarves)
2015-Jan-28 09:09:56.683 INFO	core	FOUND UNIT "0x2331ed50" "Shorast Isanmedtob" 14497 24263 [src\dfinstance.cpp:363] (load_dwarves)
2015-Jan-28 09:09:56.688 INFO	core	FOUND UNIT "0x24528850" "Feb Okangolon" 14498 24264 [src\dfinstance.cpp:363] (load_dwarves)
2015-Jan-28 09:09:56.690 INFO	core	FOUND BEAST "0x22785000" "Dog" 14499 [src\dfinstance.cpp:375] (load_dwarves)
2015-Jan-28 09:09:56.692 INFO	core	FOUND BEAST "0x22785f88" "Dog" 14500 [src\dfinstance.cpp:375] (load_dwarves)
2015-Jan-28 09:09:56.693 INFO	core	FOUND BEAST "0x22786f10" "Dog" 14501 [src\dfinstance.cpp:375] (load_dwarves)
2015-Jan-28 09:09:56.694 INFO	core	FOUND BEAST "0x22787e98" "Dog" 14502 [src\dfinstance.cpp:375] (load_dwarves)
2015-Jan-28 09:09:56.696 INFO	core	FOUND BEAST "0x22788e20" "Dog" 14503 [src\dfinstance.cpp:375] (load_dwarves)
2015-Jan-28 09:09:56.697 INFO	core	FOUND BEAST "0x22789da8" "Dog" 14504 [src\dfinstance.cpp:375] (load_dwarves)
2015-Jan-28 09:09:56.698 INFO	core	FOUND BEAST "0x2278ad30" "Dog" 14505 [src\dfinstance.cpp:375] (load_dwarves)
2015-Jan-28 09:09:56.700 INFO	core	FOUND BEAST "0x2278bcb8" "Cat" 14506 [src\dfinstance.cpp:375] (load_dwarves)
2015-Jan-28 09:09:56.701 INFO	core	FOUND BEAST "0x22795000" "Turkey Hen" 14507 [src\dfinstance.cpp:375] (load_dwarves)
2015-Jan-28 09:09:56.703 INFO	core	FOUND BEAST "0x22795f88" "Turkey Hen" 14508 [src\dfinstance.cpp:375] (load_dwarves)
2015-Jan-28 09:09:56.704 INFO	core	FOUND BEAST "0x22796f10" "Turkey Hen" 14509 [src\dfinstance.cpp:375] (load_dwarves)
2015-Jan-28 09:09:56.706 INFO	core	FOUND BEAST "0x22797e98" "Turkey Hen" 14510 [src\dfinstance.cpp:375] (load_dwarves)
2015-Jan-28 09:09:56.708 INFO	core	FOUND BEAST "0x22798e20" "Turkey Hen" 14511 [src\dfinstance.cpp:375] (load_dwarves)
2015-Jan-28 09:09:56.709 INFO	core	FOUND BEAST "0x22799da8" "Turkey Hen" 14512 [src\dfinstance.cpp:375] (load_dwarves)
2015-Jan-28 09:09:56.711 INFO	core	FOUND BEAST "0x2279ad30" "Turkey Gobbler" 14513 [src\dfinstance.cpp:375] (load_dwarves)
2015-Jan-28 09:09:56.711 INFO	core	FOUND BEAST "0x2279bcb8" "Turkey Gobbler" 14514 [src\dfinstance.cpp:375] (load_dwarves)
2015-Jan-28 09:09:56.713 INFO	core	FOUND BEAST "0x2278d000" "Doe Rabbit" 14515 [src\dfinstance.cpp:375] (load_dwarves)
2015-Jan-28 09:09:56.715 INFO	core	FOUND BEAST "0x2278df88" "Buck Rabbit" 14516 [src\dfinstance.cpp:375] (load_dwarves)
2015-Jan-28 09:09:56.716 INFO	core	FOUND BEAST "0x2278ef10" "Horse" 14517 [src\dfinstance.cpp:375] (load_dwarves)
2015-Jan-28 09:09:56.718 INFO	core	FOUND BEAST "0x2278fe98" "Mule" 14518 [src\dfinstance.cpp:375] (load_dwarves)
2015-Jan-28 09:09:56.728 INFO	core	FOUND UNIT "0x242eafb8" "Mafol Ducimlecad" 10030 19140 [src\dfinstance.cpp:363] (load_dwarves)
2015-Jan-28 09:09:56.736 INFO	core	FOUND UNIT "0x242ebf30" "Reg Lanlaronol" 10038 18842 [src\dfinstance.cpp:363] (load_dwarves)
2015-Jan-28 09:09:56.743 INFO	core	FOUND UNIT "0x23092e20" "Adil Atiseggut" 6406 17009 [src\dfinstance.cpp:363] (load_dwarves)
2015-Jan-28 09:09:56.747 INFO	core	FOUND UNIT "0x23091ea8" "Deduk Cattenzustash" 3261 9407 [src\dfinstance.cpp:363] (load_dwarves)
2015-Jan-28 09:09:56.752 INFO	core	FOUND UNIT "0x2060ccd8" "Zefon Logemsavot" 3258 11456 [src\dfinstance.cpp:363] (load_dwarves)
2015-Jan-28 09:09:56.766 INFO	core	FOUND BEAST "0x2281ed30" "Puppy" 14718 [src\dfinstance.cpp:375] (load_dwarves)
2015-Jan-28 09:09:56.767 INFO	core	FOUND BEAST "0x2281fcb8" "Puppy" 14719 [src\dfinstance.cpp:375] (load_dwarves)
2015-Jan-28 09:09:56.769 INFO	core	FOUND BEAST "0x227d5000" "Puppy" 14720 [src\dfinstance.cpp:375] (load_dwarves)
2015-Jan-28 09:09:56.773 INFO	core	FOUND BEAST "0x20652fa8" "Puppy" 14759 [src\dfinstance.cpp:375] (load_dwarves)
2015-Jan-28 09:09:56.775 INFO	core	FOUND BEAST "0x20653f30" "Puppy" 14760 [src\dfinstance.cpp:375] (load_dwarves)
2015-Jan-28 09:09:56.776 INFO	core	FOUND BEAST "0x20654eb8" "Puppy" 14761 [src\dfinstance.cpp:375] (load_dwarves)
2015-Jan-28 09:09:56.777 INFO	core	FOUND BEAST "0x20655e40" "Bunny" 14762 [src\dfinstance.cpp:375] (load_dwarves)
2015-Jan-28 09:09:56.779 INFO	core	FOUND BEAST "0x22957fb0" "Puppy" 14764 [src\dfinstance.cpp:375] (load_dwarves)
2015-Jan-28 09:09:56.780 INFO	core	FOUND BEAST "0x22958f38" "Puppy" 14765 [src\dfinstance.cpp:375] (load_dwarves)
2015-Jan-28 09:09:56.781 INFO	core	FOUND BEAST "0x22959ec0" "Puppy" 14766 [src\dfinstance.cpp:375] (load_dwarves)
2015-Jan-28 09:09:56.787 INFO	core	FOUND UNIT "0x242ede20" "Degel Solammebzuth" 12659 19970 [src\dfinstance.cpp:363] (load_dwarves)
2015-Jan-28 09:09:56.796 INFO	core	FOUND UNIT "0x242ecea8" "Ingiz Regstelid" 12654 19702 [src\dfinstance.cpp:363] (load_dwarves)
2015-Jan-28 09:09:56.800 INFO	core	FOUND UNIT "0x23093d98" "Urvad Cagithrimtar" 8396 18837 [src\dfinstance.cpp:363] (load_dwarves)
2015-Jan-28 09:09:56.806 INFO	core	FOUND UNIT "0x23094d10" "As Vaboktangath" 8417 18364 [src\dfinstance.cpp:363] (load_dwarves)
2015-Jan-28 09:09:56.820 INFO	core	read 46 units in 224 ms [src\dfinstance.cpp:380] (load_dwarves)
2015-Jan-28 09:09:56.821 INFO	core	loaded population data in 1 ms [src\dfinstance.cpp:391] (load_dwarves)
2015-Jan-28 09:09:56.860 INFO	core	calculated roles in 39 ms [src\dfinstance.cpp:395] (load_dwarves)
2015-Jan-28 09:09:56.874 INFO	core	found 46 dwarves out of 98 creatures [src\dfinstance.cpp:409] (load_dwarves)
2015-Jan-28 09:09:56.926 INFO	core	group_by now set to 0  for view  "Labors Full" [src\models\dwarfmodel.cpp:746] (set_group_by)
2015-Jan-28 09:09:57.010 INFO	core	loaded rows for "Labors Full" 84 ms [src\models\dwarfmodel.cpp:752] (set_group_by)
2015-Jan-28 09:09:57.210 INFO	core	completed read in 799 ms [src\mainwindow.cpp:535] (read_dwarves)
2015-Jan-28 09:10:11.810 INFO	core	group_by now set to 0  for view  "Roles" [src\models\dwarfmodel.cpp:746] (set_group_by)
2015-Jan-28 09:10:11.880 INFO	core	loaded rows for "Roles" 70 ms [src\models\dwarfmodel.cpp:752] (set_group_by)
2015-Jan-28 09:42:13.474 INFO	core	FOUND 172 squads [src\dfinstance.cpp:821] (load_squads)
2015-Jan-28 09:42:13.563 INFO	core	FOUND ACTIVE SQUAD "0x250c9b20" "The Beards of Cobalt"  member count:  1  id:  163 [src\dfinstance.cpp:835] (load_squads)
2015-Jan-28 09:42:13.568 INFO	core	current year: 126 [src\dfinstance.cpp:345] (load_dwarves)
2015-Jan-28 09:42:13.568 INFO	core	using active units [src\dfinstance.cpp:888] (get_creatures)
2015-Jan-28 09:42:13.581 INFO	core	FOUND UNIT "0x242eed98" "Meng Luritducim" 14492 24258 [src\dfinstance.cpp:363] (load_dwarves)
2015-Jan-28 09:42:13.585 INFO	core	FOUND UNIT "0x2331af70" "Inod Ibeshakrul" 14493 24259 [src\dfinstance.cpp:363] (load_dwarves)
2015-Jan-28 09:42:13.589 INFO	core	FOUND UNIT "0x2331bee8" "Urist Atekcog" 14494 24260 [src\dfinstance.cpp:363] (load_dwarves)
2015-Jan-28 09:42:13.593 INFO	core	FOUND UNIT "0x2331ce60" "Cilob Idenosor" 14495 24261 [src\dfinstance.cpp:363] (load_dwarves)
2015-Jan-28 09:42:13.598 INFO	core	FOUND UNIT "0x2331ddd8" "Ushrir Odgubkivish" 14496 24262 [src\dfinstance.cpp:363] (load_dwarves)
2015-Jan-28 09:42:13.602 INFO	core	FOUND UNIT "0x2331ed50" "Shorast Isanmedtob" 14497 24263 [src\dfinstance.cpp:363] (load_dwarves)
2015-Jan-28 09:42:13.606 INFO	core	FOUND UNIT "0x24528850" "Feb Okangolon" 14498 24264 [src\dfinstance.cpp:363] (load_dwarves)
2015-Jan-28 09:42:13.606 INFO	core	FOUND BEAST "0x22785000" "Dog" 14499 [src\dfinstance.cpp:375] (load_dwarves)
2015-Jan-28 09:42:13.607 INFO	core	FOUND BEAST "0x22785f88" "Dog" 14500 [src\dfinstance.cpp:375] (load_dwarves)
2015-Jan-28 09:42:13.609 INFO	core	FOUND BEAST "0x22786f10" "Dog" 14501 [src\dfinstance.cpp:375] (load_dwarves)
2015-Jan-28 09:42:13.611 INFO	core	FOUND BEAST "0x22787e98" "Dog" 14502 [src\dfinstance.cpp:375] (load_dwarves)
2015-Jan-28 09:42:13.612 INFO	core	FOUND BEAST "0x22788e20" "Dog" 14503 [src\dfinstance.cpp:375] (load_dwarves)
2015-Jan-28 09:42:13.614 INFO	core	FOUND BEAST "0x22789da8" "Dog" 14504 [src\dfinstance.cpp:375] (load_dwarves)
2015-Jan-28 09:42:13.614 INFO	core	FOUND BEAST "0x2278ad30" "Dog" 14505 [src\dfinstance.cpp:375] (load_dwarves)
2015-Jan-28 09:42:13.615 INFO	core	FOUND BEAST "0x2278bcb8" "Cat" 14506 [src\dfinstance.cpp:375] (load_dwarves)
2015-Jan-28 09:42:13.617 INFO	core	FOUND BEAST "0x22795000" "Turkey Hen" 14507 [src\dfinstance.cpp:375] (load_dwarves)
2015-Jan-28 09:42:13.618 INFO	core	FOUND BEAST "0x22795f88" "Turkey Hen" 14508 [src\dfinstance.cpp:375] (load_dwarves)
2015-Jan-28 09:42:13.619 INFO	core	FOUND BEAST "0x22796f10" "Turkey Hen" 14509 [src\dfinstance.cpp:375] (load_dwarves)
2015-Jan-28 09:42:13.620 INFO	core	FOUND BEAST "0x22797e98" "Turkey Hen" 14510 [src\dfinstance.cpp:375] (load_dwarves)
2015-Jan-28 09:42:13.621 INFO	core	FOUND BEAST "0x22798e20" "Turkey Hen" 14511 [src\dfinstance.cpp:375] (load_dwarves)
2015-Jan-28 09:42:13.622 INFO	core	FOUND BEAST "0x22799da8" "Turkey Hen" 14512 [src\dfinstance.cpp:375] (load_dwarves)
2015-Jan-28 09:42:13.623 INFO	core	FOUND BEAST "0x2279ad30" "Turkey Gobbler" 14513 [src\dfinstance.cpp:375] (load_dwarves)
2015-Jan-28 09:42:13.623 INFO	core	FOUND BEAST "0x2279bcb8" "Turkey Gobbler" 14514 [src\dfinstance.cpp:375] (load_dwarves)
2015-Jan-28 09:42:13.624 INFO	core	FOUND BEAST "0x2278d000" "Doe Rabbit" 14515 [src\dfinstance.cpp:375] (load_dwarves)
2015-Jan-28 09:42:13.626 INFO	core	FOUND BEAST "0x2278df88" "Buck Rabbit" 14516 [src\dfinstance.cpp:375] (load_dwarves)
2015-Jan-28 09:42:13.628 INFO	core	FOUND BEAST "0x2278ef10" "Horse" 14517 [src\dfinstance.cpp:375] (load_dwarves)
2015-Jan-28 09:42:13.630 INFO	core	FOUND BEAST "0x2278fe98" "Mule" 14518 [src\dfinstance.cpp:375] (load_dwarves)
2015-Jan-28 09:42:13.635 INFO	core	FOUND UNIT "0x242eafb8" "Mafol Ducimlecad" 10030 19140 [src\dfinstance.cpp:363] (load_dwarves)
2015-Jan-28 09:42:13.638 INFO	core	FOUND UNIT "0x242ebf30" "Reg Lanlaronol" 10038 18842 [src\dfinstance.cpp:363] (load_dwarves)
2015-Jan-28 09:42:13.645 INFO	core	FOUND UNIT "0x23092e20" "Adil Atiseggut" 6406 17009 [src\dfinstance.cpp:363] (load_dwarves)
2015-Jan-28 09:42:13.651 INFO	core	FOUND UNIT "0x23091ea8" "Deduk Cattenzustash" 3261 9407 [src\dfinstance.cpp:363] (load_dwarves)
2015-Jan-28 09:42:13.656 INFO	core	FOUND UNIT "0x2060ccd8" "Zefon Logemsavot" 3258 11456 [src\dfinstance.cpp:363] (load_dwarves)
2015-Jan-28 09:42:13.669 INFO	core	FOUND BEAST "0x2281ed30" "Puppy" 14718 [src\dfinstance.cpp:375] (load_dwarves)
2015-Jan-28 09:42:13.670 INFO	core	FOUND BEAST "0x2281fcb8" "Puppy" 14719 [src\dfinstance.cpp:375] (load_dwarves)
2015-Jan-28 09:42:13.672 INFO	core	FOUND BEAST "0x227d5000" "Puppy" 14720 [src\dfinstance.cpp:375] (load_dwarves)
2015-Jan-28 09:42:13.674 INFO	core	FOUND BEAST "0x20652fa8" "Puppy" 14759 [src\dfinstance.cpp:375] (load_dwarves)
2015-Jan-28 09:42:13.676 INFO	core	FOUND BEAST "0x20653f30" "Puppy" 14760 [src\dfinstance.cpp:375] (load_dwarves)
2015-Jan-28 09:42:13.678 INFO	core	FOUND BEAST "0x20654eb8" "Puppy" 14761 [src\dfinstance.cpp:375] (load_dwarves)
2015-Jan-28 09:42:13.680 INFO	core	FOUND BEAST "0x20655e40" "Bunny" 14762 [src\dfinstance.cpp:375] (load_dwarves)
2015-Jan-28 09:42:13.682 INFO	core	FOUND BEAST "0x22957fb0" "Puppy" 14764 [src\dfinstance.cpp:375] (load_dwarves)
2015-Jan-28 09:42:13.683 INFO	core	FOUND BEAST "0x22958f38" "Puppy" 14765 [src\dfinstance.cpp:375] (load_dwarves)
2015-Jan-28 09:42:13.684 INFO	core	FOUND BEAST "0x22959ec0" "Puppy" 14766 [src\dfinstance.cpp:375] (load_dwarves)
2015-Jan-28 09:42:13.689 INFO	core	FOUND UNIT "0x242ede20" "Degel Solammebzuth" 12659 19970 [src\dfinstance.cpp:363] (load_dwarves)
2015-Jan-28 09:42:13.694 INFO	core	FOUND UNIT "0x242ecea8" "Ingiz Regstelid" 12654 19702 [src\dfinstance.cpp:363] (load_dwarves)
2015-Jan-28 09:42:13.699 INFO	core	FOUND UNIT "0x23093d98" "Urvad Cagithrimtar" 8396 18837 [src\dfinstance.cpp:363] (load_dwarves)
2015-Jan-28 09:42:13.704 INFO	core	FOUND UNIT "0x23094d10" "As Vaboktangath" 8417 18364 [src\dfinstance.cpp:363] (load_dwarves)
2015-Jan-28 09:42:13.748 INFO	core	read 46 units in 176 ms [src\dfinstance.cpp:380] (load_dwarves)
2015-Jan-28 09:42:13.749 INFO	core	loaded population data in 1 ms [src\dfinstance.cpp:391] (load_dwarves)
2015-Jan-28 09:42:13.778 INFO	core	calculated roles in 29 ms [src\dfinstance.cpp:395] (load_dwarves)
2015-Jan-28 09:42:13.786 INFO	core	found 46 dwarves out of 129 creatures [src\dfinstance.cpp:409] (load_dwarves)
2015-Jan-28 09:42:13.809 INFO	core	group_by now set to 0  for view  "Roles" [src\models\dwarfmodel.cpp:746] (set_group_by)
2015-Jan-28 09:42:13.865 INFO	core	loaded rows for "Roles" 56 ms [src\models\dwarfmodel.cpp:752] (set_group_by)
2015-Jan-28 09:42:13.871 INFO	core	completed read in 413 ms [src\mainwindow.cpp:535] (read_dwarves)
2015-Jan-28 09:42:14.398 INFO	core	group_by now set to 0  for view  "Labors Full" [src\models\dwarfmodel.cpp:746] (set_group_by)
2015-Jan-28 09:42:14.459 INFO	core	loaded rows for "Labors Full" 61 ms [src\models\dwarfmodel.cpp:752] (set_group_by)
2015-Jan-28 09:43:52.929 WARNING	core	lost connection to DF [src\mainwindow.cpp:399] (lost_df_connection)
2015-Jan-28 09:43:53.009 INFO	core	group_by now set to 0  for view  "Labors Full" [src\models\dwarfmodel.cpp:746] (set_group_by)
2015-Jan-28 09:43:53.074 INFO	core	loaded rows for "Labors Full" 65 ms [src\models\dwarfmodel.cpp:752] (set_group_by)
2015-Jan-28 09:43:58.135 INFO	core	Beginning shutdown [src\mainwindow.cpp:327] (closeEvent)
2015-Jan-28 09:43:58.135 INFO	core	beginning to write settings [src\mainwindow.cpp:304] (write_settings)
2015-Jan-28 09:43:58.136 INFO	core	finished writing settings [src\mainwindow.cpp:322] (write_settings)
2015-Jan-28 09:43:58.136 INFO	core	Closing Dwarf Therapist normally [src\mainwindow.cpp:333] (closeEvent)
